<?xml version="1.0" encoding="UTF-8"?>
<!-- Generated by org.testng.reporters.JUnitReportReporter -->
<testsuite hostname="DESKTOP-0V34456" failures="0" tests="4" name="com.invicta.qa.testcases.EmployeeImportTest" time="18.770" errors="1" timestamp="23 Feb 2023 04:07:35 GMT" skipped="0">
  <testcase classname="com.invicta.qa.testcases.EmployeeImportTest" name="MaterialExportButton" time="2.442"/>
  <testcase classname="com.invicta.qa.testcases.EmployeeImportTest" name="EmployeeImport" time="3.222"/>
  <testcase classname="com.invicta.qa.testcases.EmployeeImportTest" name="MaterialImportButton" time="9.074"/>
  <testcase classname="com.invicta.qa.testcases.EmployeeImportTest" name="DeliveryButton" time="4.032">
    <error message="Cannot invoke &quot;org.openqa.selenium.WebElement.click()&quot; because &quot;com.invicta.qa.pages.EmployeeImportPage.NavCustomer&quot; is null" type="java.lang.NullPointerException">
      <![CDATA[java.lang.NullPointerException: Cannot invoke "org.openqa.selenium.WebElement.click()" because "com.invicta.qa.pages.EmployeeImportPage.NavCustomer" is null
at com.invicta.qa.testcases.EmployeeImportTest.DeliveryButton(EmployeeImportTest.java:1706)
at java.base/jdk.internal.reflect.DirectMethodHandleAccessor.invoke(DirectMethodHandleAccessor.java:104)
at java.base/java.lang.reflect.Method.invoke(Method.java:578)
at org.testng.internal.MethodInvocationHelper.invokeMethod(MethodInvocationHelper.java:124)
at org.testng.internal.Invoker.invokeMethod(Invoker.java:583)
at org.testng.internal.Invoker.invokeTestMethod(Invoker.java:719)
at org.testng.internal.Invoker.invokeTestMethods(Invoker.java:989)
at org.testng.internal.TestMethodWorker.invokeTestMethods(TestMethodWorker.java:125)
at org.testng.internal.TestMethodWorker.run(TestMethodWorker.java:109)
at org.testng.TestRunner.privateRun(TestRunner.java:648)
at org.testng.TestRunner.run(TestRunner.java:505)
at org.testng.SuiteRunner.runTest(SuiteRunner.java:455)
at org.testng.SuiteRunner.runSequentially(SuiteRunner.java:450)
at org.testng.SuiteRunner.privateRun(SuiteRunner.java:415)
at org.testng.SuiteRunner.run(SuiteRunner.java:364)
at org.testng.SuiteRunnerWorker.runSuite(SuiteRunnerWorker.java:52)
at org.testng.SuiteRunnerWorker.run(SuiteRunnerWorker.java:84)
at org.testng.TestNG.runSuitesSequentially(TestNG.java:1208)
at org.testng.TestNG.runSuitesLocally(TestNG.java:1137)
at org.testng.TestNG.runSuites(TestNG.java:1049)
at org.testng.TestNG.run(TestNG.java:1017)
at org.testng.remote.AbstractRemoteTestNG.run(AbstractRemoteTestNG.java:115)
at org.testng.remote.RemoteTestNG.initAndRun(RemoteTestNG.java:251)
at org.testng.remote.RemoteTestNG.main(RemoteTestNG.java:77)
]]>
    </error>
  </testcase> <!-- DeliveryButton -->
</testsuite> <!-- com.invicta.qa.testcases.EmployeeImportTest -->
